"../../../PlasmaTest/Content/PauseMenu.uasset" 0
"../../../Engine/Content/VREditor/UI/KeyDiskMaterial.uasset" 1
"../../../PlasmaTest/Content/ProjectileMat.uasset" 2
"../../../PlasmaTest/Content/FirstPerson/Character/Textures/UE4_LOGO_CARD.uasset" 3
"../../../PlasmaTest/Content/FirstPerson/FPWeapon/Materials/MaterialLayers/ML_Plastic_Shiny_Beige_LOGO.uasset" 4
"../../../PlasmaTest/Content/FirstPerson/FPWeapon/Materials/MaterialLayers/T_ML_FineRubber.uasset" 5
"../../../PlasmaTest/Content/FirstPerson/FPWeapon/Mesh/SK_FPGun_PhysicsAsset.uasset" 6
"../../../PlasmaTest/Content/FirstPerson/Meshes/BaseMaterial.uasset" 7
"../../../PlasmaTest/Content/FirstPerson/Meshes/CubeMaterialOverride.uasset" 8
"../../../PlasmaTest/Content/FirstPerson/Meshes/FirstPersonProjectileMaterial.uasset" 9
"../../../PlasmaTest/Content/FirstPerson/Meshes/FirstPersonProjectileMesh.uasset" 10
"../../../PlasmaTest/Content/FirstPerson/Meshes/ProjectileMat2.uasset" 11
"../../../PlasmaTest/Content/FirstPerson/Meshes/ProjectileMat.uasset" 12
"../../../PlasmaTest/Content/Geometry/Meshes/CubeMaterial.uasset" 13
"../../../PlasmaTest/Content/Geometry/Meshes/1M_Cube.uasset" 14
"../../../PlasmaTest/Content/Geometry/Meshes/1M_Cube_Chamfer.uasset" 15
"../../../PlasmaTest/Content/Geometry/Meshes/TemplateFloor.uasset" 16
"../../../PlasmaTest/Content/PLASMA/FBXs/Creatures/Jambar/Rig/Jambar_Rig_V01_Skeleton.uasset" 17
"../../../PlasmaTest/Content/PLASMA/FBXs/Creatures/Jambar/Rig/Jambar_WalkCycle_00_Anim.uasset" 18
"../../../PlasmaTest/Content/PLASMA/Textures/Foliage_01_C.uasset" 19
"../../../PlasmaTest/Content/PLASMA/Materials/MASTER_Objects_M.uasset" 20
"../../../PlasmaTest/Content/PLASMA/Textures/Jambar_texture.uasset" 21
"../../../PlasmaTest/Content/PLASMA/Materials/Jambars_M.uasset" 22
"../../../PlasmaTest/Content/PLASMA/FBXs/Creatures/Jambar/Rig/Jambar_Rig_V01_PhysicsAsset.uasset" 23
"../../../PlasmaTest/Content/PLASMA/FBXs/Creatures/Jambar/Rig/Jambar_Rig_V01.uasset" 24
"../../../PlasmaTest/Content/PLASMA/Blueprints/BP_JambarMovement_Spline.uasset" 25
"../../../Engine/Content/EditorBlueprintResources/StandardMacros.uasset" 26
"../../../PlasmaTest/Content/PLASMA/FBXs/OLD_Unused/Trunk_Segment_Test_01.uasset" 27
"../../../PlasmaTest/Content/PLASMA/Blueprints/BP_SplineTrunk.uasset" 28
"../../../Engine/Content/Functions/Engine_MaterialFunctions02/Texturing/WorldPositionWithScale.uasset" 29
"../../../Engine/Content/Functions/Engine_MaterialFunctions02/Utility/CameraDirectionVector.uasset" 30
"../../../Engine/Content/Functions/Engine_MaterialFunctions02/UVs/WorldPositionBehindTranslucency.uasset" 31
"../../../PlasmaTest/Content/PLASMA/Materials/MASTER_BlobShadow.uasset" 32
"../../../PlasmaTest/Content/PLASMA/Materials/BlobShadow_Jambar.uasset" 33
"../../../Engine/Content/Functions/Engine_MaterialFunctions01/Opacity/CameraDepthFade.uasset" 34
"../../../Engine/Content/EngineMaterials/T_Default_Material_Grid_M.uasset" 35
"../../../Engine/Content/EngineMaterials/T_Default_Material_Grid_N.uasset" 36
"../../../Engine/Content/EngineMaterials/DefaultMaterial.uasset" 37
"../../../Engine/Content/BasicShapes/Cylinder.uasset" 38
"../../../PlasmaTest/Content/PLASMA/Blueprints/Jambar_BP.uasset" 39
"../../../PlasmaTest/Content/PLASMA/Blueprints/FlipWall_BP.uasset" 40
"../../../PlasmaTest/Content/PLASMA/FBXs/Creatures/Jambar/Rig/Jambar_WalkCycle_00_PhysicsAsset.uasset" 41
"../../../PlasmaTest/Content/PLASMA/FBXs/Creatures/Jambar/Rig/Jambar_WalkCycle_00_Skeleton.uasset" 42
"../../../PlasmaTest/Content/PLASMA/FBXs/Creatures/Jambar/Rig/Jambar_WalkCycle_00.uasset" 43
"../../../PlasmaTest/Content/PLASMA/Blueprints/Jambar1_BP.uasset" 44
"../../../PlasmaTest/Content/PLASMA/Blueprints/Jambar1_BP_OLD.uasset" 45
"../../../Engine/Content/VREditor/LaserPointer/VR_LaserPower_01.uasset" 46
"../../../Engine/Content/VREditor/TransformGizmo/TransformGizmoMaterial.uasset" 47
"../../../Engine/Content/VREditor/LaserPointer/HoverMaterial.uasset" 48
"../../../Engine/Content/BasicShapes/Sphere.uasset" 49
"../../../PlasmaTest/Content/PLASMA/Blueprints/JambarSpawner.uasset" 50
"../../../PlasmaTest/Content/PLASMA/FBXs/Leaves_Floor_01.uasset" 51
"../../../PlasmaTest/Content/PLASMA/FBXs/Leaves_Group_Drop_01.uasset" 52
"../../../PlasmaTest/Content/PLASMA/FBXs/Leaves_group_Vertical.uasset" 53
"../../../PlasmaTest/Content/PLASMA/FBXs/Plants_Group_01.uasset" 54
"../../../PlasmaTest/Content/PLASMA/FBXs/Plant_Alien_01.uasset" 55
"../../../PlasmaTest/Content/PLASMA/FBXs/Sharp_Plants_01.uasset" 56
"../../../Engine/Content/EngineMaterials/WorldGridMaterial.uasset" 57
"../../../PlasmaTest/Content/PLASMA/FBXs/Terrain_V01_TEST.uasset" 58
"../../../PlasmaTest/Content/PLASMA/FBXs/Terrain_V02_Recuced_TEST.uasset" 59
"../../../PlasmaTest/Content/PLASMA/FBXs/Tree_BranchesAndLeaves_01.uasset" 60
"../../../PlasmaTest/Content/PLASMA/FBXs/Vines_Tree_01.uasset" 61
"../../../PlasmaTest/Content/PLASMA/FBXs/HeroPlants/ShesaBiter_01.uasset" 62
"../../../PlasmaTest/Content/PLASMA/FBXs/HeroPlants/SunShade_01.uasset" 63
"../../../PlasmaTest/Content/PLASMA/FBXs/HeroPlants/SunShade_02.uasset" 64
"../../../PlasmaTest/Content/PLASMA/FBXs/OLD_Unused/Flower_Petals_01.uasset" 65
"../../../PlasmaTest/Content/PLASMA/FBXs/OLD_Unused/Ivy_Dense_01.uasset" 66
"../../../PlasmaTest/Content/PLASMA/FBXs/OLD_Unused/Leaf_Alien_01.uasset" 67
"../../../PlasmaTest/Content/PLASMA/FBXs/OLD_Unused/LEaf_Alien_02.uasset" 68
"../../../PlasmaTest/Content/PLASMA/FBXs/OLD_Unused/Leaf_test_01.uasset" 69
"../../../PlasmaTest/Content/PLASMA/FBXs/OLD_Unused/Leaves_Group_Sharp_01.uasset" 70
"../../../PlasmaTest/Content/PLASMA/FBXs/OLD_Unused/Leaves_group_Vertical_YELLOW.uasset" 71
"../../../PlasmaTest/Content/PLASMA/FBXs/OLD_Unused/RockMed_IG.uasset" 72
"../../../PlasmaTest/Content/PLASMA/FBXs/OLD_Unused/RockSmall_IG.uasset" 73
"../../../PlasmaTest/Content/PLASMA/FBXs/OLD_Unused/Terrain_Small_Part_01.uasset" 74
"../../../PlasmaTest/Content/PLASMA/FBXs/OLD_Unused/Terrain_Small_Part_02.uasset" 75
"../../../PlasmaTest/Content/PLASMA/FBXs/OLD_Unused/Terrain_Small_Part_03.uasset" 76
"../../../PlasmaTest/Content/PLASMA/FBXs/OLD_Unused/Terrain_Small_Part_04.uasset" 77
"../../../PlasmaTest/Content/PLASMA/FBXs/OLD_Unused/Terrain_Test.uasset" 78
"../../../PlasmaTest/Content/PLASMA/FBXs/OLD_Unused/terrian.uasset" 79
"../../../PlasmaTest/Content/PLASMA/FBXs/OLD_Unused/Tree_Big_Test_01.uasset" 80
"../../../PlasmaTest/Content/PLASMA/FBXs/OLD_Unused/Tree_Branch_Test.uasset" 81
"../../../PlasmaTest/Content/PLASMA/FBXs/OLD_Unused/Tree_Med_2_Test.uasset" 82
"../../../PlasmaTest/Content/PLASMA/FBXs/OLD_Unused/Tree_Med_Test.uasset" 83
"../../../PlasmaTest/Content/PLASMA/FBXs/OLD_Unused/Tree_Part_03.uasset" 84
"../../../PlasmaTest/Content/PLASMA/FBXs/OLD_Unused/Vines_01.uasset" 85
"../../../PlasmaTest/Content/PLASMA/FBXs/OLD_Unused/Vine_Segment_Test_01.uasset" 86
"../../../PlasmaTest/Content/PLASMA/FBXs/OLD_Unused/Vine_Single_01.uasset" 87
"../../../PlasmaTest/Content/PLASMA/FBXs/Weapons/Shotgun_Anm_Test_Skeleton.uasset" 88
"../../../PlasmaTest/Content/PLASMA/FBXs/Weapons/Shotgun_Animation_BP.uasset" 89
"../../../PlasmaTest/Content/PLASMA/Materials/MASTER_Objects_M1.uasset" 90
"../../../PlasmaTest/Content/PLASMA/Materials/MAT_Beam_Particle.uasset" 91
"../../../Engine/Content/Functions/Engine_MaterialFunctions01/WorldPositionOffset/SimpleGrassWind.uasset" 92
"../../../PlasmaTest/Content/PLASMA/Textures/Foliage_01_E.uasset" 93
"../../../PlasmaTest/Content/PLASMA/Materials/MASTER_MaskedObjects_M.uasset" 94
"../../../PlasmaTest/Content/PLASMA/Textures/Mountain_Skybox_C.uasset" 95
"../../../PlasmaTest/Content/PLASMA/Materials/M_Skybox_01.uasset" 96
"../../../Engine/Content/Functions/Engine_MaterialFunctions01/Gradient/LinearGradient.uasset" 97
"../../../Engine/Content/Functions/Engine_MaterialFunctions01/ImageAdjustment/CheapContrast.uasset" 98
"../../../Engine/Content/Functions/Engine_MaterialFunctions02/Texturing/HeightLerp.uasset" 99
"../../../PlasmaTest/Content/PLASMA/Textures/Alien_Jungle_Ground_basecolor.uasset" 100
"../../../PlasmaTest/Content/PLASMA/Textures/Alien_Jungle_Ground_height.uasset" 101
"../../../PlasmaTest/Content/PLASMA/Materials/MASTER_Terrain_M.uasset" 102
"../../../PlasmaTest/Content/PLASMA/Materials/Terrain_Far_2_M.uasset" 103
"../../../PlasmaTest/Content/PLASMA/Textures/Branches_Leaves_Test_C.uasset" 104
"../../../PlasmaTest/Content/PLASMA/Materials/TreeBranches_Far_3_M.uasset" 105
"../../../PlasmaTest/Content/PLASMA/Materials/TreeBranches_TEST.uasset" 106
"../../../PlasmaTest/Content/PLASMA/Materials/VineBiter.uasset" 107
"../../../PlasmaTest/Content/PLASMA/Materials/SingleColor/Single_Color_MASTER.uasset" 108
"../../../PlasmaTest/Content/PLASMA/Materials/SingleColor/1_M.uasset" 109
"../../../PlasmaTest/Content/PLASMA/Materials/SingleColor/2_M.uasset" 110
"../../../PlasmaTest/Content/PLASMA/Textures/Foliage_02_TEST_C.uasset" 111
"../../../PlasmaTest/Content/PLASMA/Materials/SingleColor/3_M.uasset" 112
"../../../PlasmaTest/Content/PLASMA/Materials/SingleColor/4_M.uasset" 113
"../../../PlasmaTest/Content/PLASMA/Materials/SingleColor/SingleColor_NoALPHA.uasset" 114
"../../../PlasmaTest/Content/PLASMA/Materials/SingleColor/HeroPlant_01_SC_M.uasset" 115
"../../../PlasmaTest/Content/PLASMA/Materials/SingleColor/Pods_01_SC_M.uasset" 116
"../../../PlasmaTest/Content/PLASMA/Materials/SingleColor/Terrain_01_SC_M.uasset" 117
"../../../PlasmaTest/Content/PLASMA/Materials/SingleColor/Trees_01_SC_M.uasset" 118
"../../../PlasmaTest/Content/PLASMA/Materials/SingleColor/Trees_02_SC_M.uasset" 119
"../../../PlasmaTest/Content/PLASMA/Materials/SingleColor/Vines_SC_M.uasset" 120
"../../../PlasmaTest/Content/PLASMA/Sound/beaky_trill.uasset" 121
"../../../PlasmaTest/Content/PLASMA/Sound/distant_movement_01.uasset" 122
"../../../PlasmaTest/Content/PLASMA/Sound/jambar_crunch.uasset" 123
"../../../PlasmaTest/Content/PLASMA/Sound/summoning_growl.uasset" 124
"../../../PlasmaTest/Content/PLASMA/Textures/Amahle_D1024.uasset" 125
"../../../PlasmaTest/Content/PLASMA/Textures/GroundTexture_TESTC.uasset" 126
"../../../PlasmaTest/Content/PLASMA/Textures/GroundTexture_TEST_N.uasset" 127
"../../../PlasmaTest/Content/PLASMA/Textures/GroundTexture_TEST_R.uasset" 128
"../../../Engine/Content/BasicShapes/Cone.uasset" 129
"../../../Engine/Content/EditorLandscapeResources/DataLayer.uasset" 130
"../../../Engine/Content/EditorMaterials/GizmoMaterial.uasset" 131
"../../../Engine/Content/EditorMaterials/MAT_Groups_Toggle.uasset" 132
"../../../Engine/Content/EditorMaterials/MAT_Groups_Visibility.uasset" 133
"../../../Engine/Content/EditorMaterials/PreviewShadowIndicator.uasset" 134
"../../../Engine/Content/EditorMaterials/PreviewShadowIndicatorMaterial.uasset" 135
"../../../Engine/Content/EditorMaterials/AssetViewer/EpicQuadPanorama_CC+EV1.uasset" 136
"../../../Engine/Content/EditorMaterials/MatineeGroups/MAT_ColorTrack.uasset" 137
"../../../Engine/Content/EditorMaterials/MatineeGroups/MAT_Groups_Anim.uasset" 138
"../../../Engine/Content/EditorMaterials/MatineeGroups/MAT_Groups_AudioMaster.uasset" 139
"../../../Engine/Content/EditorMaterials/MatineeGroups/MAT_Groups_Director.uasset" 140
"../../../Engine/Content/EditorMaterials/MatineeGroups/MAT_Groups_Event.uasset" 141
"../../../Engine/Content/EditorMaterials/MatineeGroups/MAT_Groups_Fade.uasset" 142
"../../../Engine/Content/EditorMaterials/MatineeGroups/MAT_Groups_Float.uasset" 143
"../../../Engine/Content/EditorMaterials/MatineeGroups/MAT_Groups_Move.uasset" 144
"../../../Engine/Content/EditorMaterials/MatineeGroups/MAT_Groups_Slomo.uasset" 145
"../../../Engine/Content/EditorMaterials/MatineeGroups/MAT_Groups_Sound.uasset" 146
"../../../Engine/Content/EditorMaterials/MatineeGroups/MAT_Groups_Vector.uasset" 147
"../../../Engine/Content/EditorMaterials/ParticleSystems/PSysThumbnail_NoImage.uasset" 148
"../../../Engine/Content/EditorMaterials/ParticleSystems/PSysThumbnail_OOD.uasset" 149
"../../../Engine/Content/EditorMaterials/Camera/CineMat.uasset" 150
"../../../Engine/Content/EditorMaterials/Camera/MI_CineMat_Rig.uasset" 151
"../../../Engine/Content/EditorMeshes/Camera/SM_CraneRig_Arm.uasset" 152
"../../../Engine/Content/EditorMeshes/Camera/SM_CraneRig_Base.uasset" 153
"../../../Engine/Content/EditorMeshes/Camera/SM_CraneRig_Body.uasset" 154
"../../../Engine/Content/EditorMeshes/Camera/SM_CraneRig_Mount.uasset" 155
"../../../Engine/Content/EditorMeshes/Camera/SM_RailRig_Mount.uasset" 156
"../../../Engine/Content/EditorMeshes/Camera/SM_RailRig_Track.uasset" 157
"../../../Engine/Content/EditorMeshes/ColorCalibrator/M_ChromeBall.uasset" 158
"../../../Engine/Content/EditorMeshes/ColorCalibrator/M_ClearCoat.uasset" 159
"../../../Engine/Content/EditorMeshes/ColorCalibrator/M_ClearCoatBlack.uasset" 160
"../../../Engine/Content/EditorMeshes/ColorCalibrator/T_ColorGrid.uasset" 161
"../../../Engine/Content/EditorMeshes/ColorCalibrator/M_ColorGrid.uasset" 162
"../../../Engine/Content/EditorMeshes/ColorCalibrator/M_GreyBall.uasset" 163
"../../../Engine/Content/EditorMeshes/ColorCalibrator/SM_ColorCalibrator.uasset" 164
"../../../Engine/Content/EditorResources/BSPVertex.uasset" 165
"../../../Engine/Content/EditorResources/EmptyActor.uasset" 166
"../../../Engine/Content/EditorResources/S_Actor.uasset" 167
"../../../Engine/Content/EditorResources/S_Trigger.uasset" 168
"../../../Engine/Content/EditorResources/AudioIcons/S_AudioComponent.uasset" 169
"../../../Engine/Content/EditorResources/AudioIcons/S_AudioComponent_AutoActivate.uasset" 170
"../../../Engine/Content/EditorResources/SequenceRecorder/Countdown.uasset" 171
"../../../Engine/Content/EditorResources/SequenceRecorder/RecordingIndicator.uasset" 172
"../../../Engine/Content/EditorSounds/Notifications/CompileFailed.uasset" 173
"../../../Engine/Content/EditorSounds/Notifications/CompileFailed_Cue.uasset" 174
"../../../Engine/Content/EditorSounds/Notifications/CompileSuccess.uasset" 175
"../../../Engine/Content/EditorSounds/Notifications/CompileStart_Cue.uasset" 176
"../../../Engine/Content/EditorSounds/Notifications/CompileSuccess_Cue.uasset" 177
"../../../Engine/Content/EngineDamageTypes/DmgTypeBP_Environmental.uasset" 178
"../../../Engine/Content/EngineDebugMaterials/HeatmapGradient.uasset" 179
"../../../Engine/Content/EngineDebugMaterials/BoneWeightMaterial.uasset" 180
"../../../Engine/Content/EngineDebugMaterials/ClothMaterial.uasset" 181
"../../../Engine/Content/EngineDebugMaterials/DebugMeshMaterial.uasset" 182
"../../../Engine/Content/EngineDebugMaterials/GeomMaterial.uasset" 183
"../../../Engine/Content/EngineFonts/Faces/RobotoBold.uasset" 184
"../../../Engine/Content/EngineFonts/Faces/RobotoBoldItalic.uasset" 185
"../../../Engine/Content/EngineFonts/Faces/RobotoItalic.uasset" 186
"../../../Engine/Content/EngineFonts/Faces/RobotoLight.uasset" 187
"../../../Engine/Content/EngineFonts/Faces/RobotoRegular.uasset" 188
"../../../Engine/Content/EngineFonts/Roboto.uasset" 189
"../../../Engine/Content/EngineFonts/Faces/RobotoTiny.uasset" 190
"../../../Engine/Content/EngineFonts/RobotoTiny.uasset" 191
"../../../Engine/Content/EngineMaterials/DefaultBloomKernel.uasset" 192
"../../../Engine/Content/EngineMaterials/DefaultBokeh.uasset" 193
"../../../Engine/Content/EngineMaterials/DefaultDiffuse.uasset" 194
"../../../Engine/Content/EngineMaterials/DefaultDeferredDecalMaterial.uasset" 195
"../../../Engine/Content/EngineMaterials/DefaultLightFunctionMaterial.uasset" 196
"../../../Engine/Content/EngineMaterials/DefaultPhysicalMaterial.uasset" 197
"../../../Engine/Content/Functions/Engine_MaterialFunctions02/Utility/BreakOutFloat2Components.uasset" 198
"../../../Engine/Content/EngineMaterials/DefaultPostProcessMaterial.uasset" 199
"../../../Engine/Content/EngineFonts/RobotoDistanceField.uasset" 200
"../../../Engine/Content/EngineMaterials/DefaultTextMaterialOpaque.uasset" 201
"../../../Engine/Content/EngineMaterials/DefaultWhiteGrid.uasset" 202
"../../../Engine/Content/EngineMaterials/EditorBrushMaterial.uasset" 203
"../../../Engine/Content/EngineMaterials/Good64x64TilingNoiseHighFreq.uasset" 204
"../../../Engine/Content/EngineMaterials/MiniFont.uasset" 205
"../../../Engine/Content/EngineMaterials/InvalidLightmapSettings.uasset" 206
"../../../Engine/Content/EngineMaterials/M_InvalidLightmapSettings.uasset" 207
"../../../Engine/Content/EngineMaterials/PhAT_JointLimitMaterial.uasset" 208
"../../../Engine/Content/EngineMaterials/PreintegratedSkinBRDF.uasset" 209
"../../../Engine/Content/EngineMaterials/RemoveSurfaceMaterial.uasset" 210
"../../../Engine/Content/EngineMaterials/WeightMapPlaceholderTexture.uasset" 211
"../../../Engine/Content/EngineResources/WhiteSquareTexture.uasset" 212
"../../../Engine/Content/EngineMaterials/Widget3DPassThrough.uasset" 213
"../../../Engine/Content/EngineMaterials/Widget3DPassThrough_Masked.uasset" 214
"../../../Engine/Content/EngineMaterials/Widget3DPassThrough_Opaque.uasset" 215
"../../../Engine/Content/EngineMaterials/Widget3DPassThrough_Masked_OneSided.uasset" 216
"../../../Engine/Content/EngineMaterials/Widget3DPassThrough_Opaque_OneSided.uasset" 217
"../../../Engine/Content/EngineMaterials/Widget3DPassThrough_Translucent.uasset" 218
"../../../Engine/Content/EngineMaterials/Widget3DPassThrough_Translucent_OneSided.uasset" 219
"../../../Engine/Content/EngineMeshes/Cube.uasset" 220
"../../../Engine/Content/EngineMeshes/Cylinder.uasset" 221
"../../../Engine/Content/EngineMeshes/Sphere.uasset" 222
"../../../Engine/Content/EngineResources/Black.uasset" 223
"../../../Engine/Content/EngineResources/DefaultTexture.uasset" 224
"../../../Engine/Content/EngineResources/DefaultTextureCube.uasset" 225
"../../../Engine/Content/EngineResources/GradientTexture0.uasset" 226
"../../../Engine/Content/EngineSounds/Master.uasset" 227
"../../../Engine/Content/Functions/Engine_MaterialFunctions01/Shading/ConvertFromDiffSpec.uasset" 228
"../../../Engine/Content/Functions/Engine_MaterialFunctions01/Shading/PowerToRoughness.uasset" 229
"../../../Engine/Content/Maps/Templates/Thumbnails/Default.uasset" 230
"../../../Engine/Content/Maps/Templates/Thumbnails/VR-Basic.uasset" 231
"../../../Engine/Content/MobileResources/T_MobileControls_texture.uasset" 232
"../../../Engine/Content/MobileResources/T_MobileMenu2.uasset" 233
"../../../Engine/Content/MobileResources/HUD/AnalogHat.uasset" 234
"../../../Engine/Content/MobileResources/HUD/VirtualJoystick_Background.uasset" 235
"../../../Engine/Content/MobileResources/HUD/VirtualJoystick_Thumb.uasset" 236
"../../../Engine/Content/MobileResources/HUD/DefaultVirtualJoysticks.uasset" 237
"../../../Engine/Content/MobileResources/HUD/LeftVirtualJoystickOnly.uasset" 238
"../../../Engine/Content/MobileResources/HUD/MobileHUDButton1_off.uasset" 239
"../../../Engine/Content/MobileResources/HUD/MobileHUDButton1_on.uasset" 240
"../../../Engine/Content/MobileResources/HUD/MobileHUDButton2_off.uasset" 241
"../../../Engine/Content/MobileResources/HUD/MobileHUDButton2_on.uasset" 242
"../../../Engine/Content/MobileResources/HUD/MobileHUDButton3.uasset" 243
"../../../Engine/Content/MobileResources/HUD/MobileHUDButtonFire.uasset" 244
"../../../Engine/Content/MobileResources/HUD/MobileHUDDirectionPad.uasset" 245
"../../../Engine/Content/MobileResources/HUD/MobileHUDDirectionPad2.uasset" 246
"../../../Engine/Content/MobileResources/HUD/MobileHUDDirectionPad3.uasset" 247
"../../../Engine/Content/MobileResources/HUD/MobileHUDDirectionStick.uasset" 248
"../../../Engine/Content/MobileResources/HUD/T_Castle_ThumbstickInner.uasset" 249
"../../../Engine/Content/MobileResources/HUD/T_Castle_ThumbstickOutter.uasset" 250
"../../../Engine/Content/Tutorial/ContentIntroCurve.uasset" 251
"../../../Engine/Content/Tutorial/Basics/TutorialAssets/icon_tab_Levels_40x.uasset" 252
"../../../Engine/Content/Tutorial/BlueprintTutorials/TutorialAssets/BlueprintInterface_64x.uasset" 253
"../../../Engine/Content/Tutorial/BlueprintTutorials/TutorialAssets/BlueprintMacroLibrary_64x.uasset" 254
"../../../Engine/Content/Tutorial/BlueprintTutorials/TutorialAssets/Blueprint_64x.uasset" 255
"../../../Engine/Content/Tutorial/BlueprintTutorials/TutorialAssets/Tutorial_BP_Interface.uasset" 256
"../../../Engine/Content/Tutorial/Foliage/TutorialAssets/Foliage.uasset" 257
"../../../Engine/Content/Tutorial/Landscape/TutorialAssets/Landscape.uasset" 258
"../../../Engine/Content/Tutorial/Paper2D/TutorialAssets/Paper2DFlipbook_TutorialIcon.uasset" 259
"../../../Engine/Content/Tutorial/Paper2D/TutorialAssets/Paper2DSprite_TutorialIcon.uasset" 260
"../../../Engine/Content/Tutorial/SubEditors/TutorialAssets/icon_Editor_Preferences_General_40x.uasset" 261
"../../../Engine/Content/Tutorial/SubEditors/TutorialAssets/icon_ShowSkeletalMeshes_40x.uasset" 262
"../../../Engine/Content/Tutorial/SubEditors/TutorialAssets/TutorialMaterial.uasset" 263
"../../../Engine/Content/Tutorial/SubEditors/TutorialAssets/T_SmokeSubUV_8X8.uasset" 264
"../../../Engine/Content/Tutorial/SubEditors/TutorialAssets/T_soft_smoke.uasset" 265
"../../../Engine/Content/Tutorial/SubEditors/TutorialAssets/M_smoke_subUV_blackbody.uasset" 266
"../../../Engine/Content/Tutorial/SubEditors/TutorialAssets/TutorialParticleSystem.uasset" 267
"../../../Engine/Content/EditorMeshes/EditorCube.uasset" 268
"../../../Engine/Content/Tutorial/SubEditors/TutorialAssets/Tutorial_DM.uasset" 269
"../../../Engine/Content/VREditor/Devices/Generic/GenericHMDMaterial.uasset" 270
"../../../Engine/Content/VREditor/Devices/Generic/GenericHMD.uasset" 271
"../../../Engine/Content/VREditor/FloatingText/LineMaterial.uasset" 272
"../../../Engine/Content/VREditor/FloatingText/JointSphere.uasset" 273
"../../../Engine/Content/VREditor/FloatingText/LineSegmentCylinder.uasset" 274
"../../../Engine/Content/VREditor/Fonts/VRText_RobotoLarge.uasset" 275
"../../../Engine/Content/VREditor/Fonts/VRTextMaterial.uasset" 276
"../../../Engine/Content/VREditor/Fonts/TranslucentVRTextMaterial.uasset" 277
"../../../Engine/Content/VREditor/TransformGizmo/TranslucentTransformGizmoMaterial.uasset" 278
"../../../Engine/Content/VREditor/LaserPointer/TranslucentHoverMaterial.uasset" 279
"../../../Engine/Content/VREditor/LaserPointer/HoverMesh.uasset" 280
"../../../Engine/Content/VREditor/LaserPointer/LaserPointerMaterial.uasset" 281
"../../../Engine/Content/VREditor/LaserPointer/LaserPointerMaterialInst.uasset" 282
"../../../Engine/Content/VREditor/LaserPointer/TranslucentLaserPointerMaterialInst.uasset" 283
"../../../Engine/Content/VREditor/LaserPointer/LaserPointerMesh.uasset" 284
"../../../Engine/Content/VREditor/LaserPointer/LaserPointerMesh_End.uasset" 285
"../../../Engine/Content/VREditor/LaserPointer/LaserPointerMesh_Start.uasset" 286
"../../../Engine/Content/Functions/Engine_MaterialFunctions02/Utility/BreakOutFloat3Components.uasset" 287
"../../../Engine/Content/Functions/Engine_MaterialFunctions02/Math/Transform3x3Matrix.uasset" 288
"../../../Engine/Content/Functions/Engine_MaterialFunctions02/SplitComponents.uasset" 289
"../../../Engine/Content/Functions/Engine_MaterialFunctions02/Utility/MakeFloat3.uasset" 290
"../../../Engine/Content/VREditor/SnapGrid/SnapGridMaterial.uasset" 291
"../../../Engine/Content/VREditor/SnapGrid/SnapGridPlaneMesh.uasset" 292
"../../../Engine/Content/VREditor/Sounds/VR_teleport_Cue.uasset" 293
"../../../Engine/Content/VREditor/Sounds/UI/Click_on_Button_Cue.uasset" 294
"../../../Engine/Content/VREditor/Sounds/UI/Dockable_Window_Close.uasset" 295
"../../../Engine/Content/VREditor/Sounds/UI/Dockable_Window_Drop.uasset" 296
"../../../Engine/Content/VREditor/Sounds/UI/Dockable_Window_Open.uasset" 297
"../../../Engine/Content/VREditor/Sounds/UI/Dockable_Window_Pick_Up.uasset" 298
"../../../Engine/Content/VREditor/Sounds/UI/Drop_Item_From_ContentBrowser.uasset" 299
"../../../Engine/Content/VREditor/Sounds/UI/Floating_UI_Open-001.uasset" 300
"../../../Engine/Content/VREditor/Sounds/UI/Gizmo_Handle_Clicked.uasset" 301
"../../../Engine/Content/VREditor/Sounds/UI/Object_PickUp.uasset" 302
"../../../Engine/Content/VREditor/Sounds/UI/Object_Snaps_To_Another_Actor.uasset" 303
"../../../Engine/Content/VREditor/Sounds/UI/Object_Snaps_To_Grid.uasset" 304
"../../../Engine/Content/VREditor/Sounds/UI/Radial_Menu_FadeOut.uasset" 305
"../../../Engine/Content/VREditor/Sounds/UI/Scaling_Down.uasset" 306
"../../../Engine/Content/VREditor/Sounds/UI/Scaling_Up.uasset" 307
"../../../Engine/Content/VREditor/Sounds/UI/Selection_Changes.uasset" 308
"../../../Engine/Content/VREditor/Sounds/UI/Teleport_Mode_Entered.uasset" 309
"../../../Engine/Content/VREditor/Teleport/TeleportDirectionMaterial.uasset" 310
"../../../Engine/Content/VREditor/Teleport/TeleportDirectionMaterial_Inst.uasset" 311
"../../../Engine/Content/VREditor/Teleport/TeleportDirectionMesh.uasset" 312
"../../../Engine/Content/VREditor/TransformGizmo/BoundingBoxCorner.uasset" 313
"../../../Engine/Content/VREditor/TransformGizmo/BoundingBoxEdge.uasset" 314
"../../../Engine/Content/VREditor/TransformGizmo/PlaneTranslationHandle.uasset" 315
"../../../Engine/Content/VREditor/TransformGizmo/RotationHandle.uasset" 316
"../../../Engine/Content/VREditor/TransformGizmo/RotationHandleFull.uasset" 317
"../../../Engine/Content/VREditor/TransformGizmo/RotationHandleIndicator.uasset" 318
"../../../Engine/Content/VREditor/TransformGizmo/RotationHandleQuarter.uasset" 319
"../../../Engine/Content/VREditor/TransformGizmo/Main.uasset" 320
"../../../Engine/Content/VREditor/TransformGizmo/Xray.uasset" 321
"../../../Engine/Content/VREditor/TransformGizmo/SM_Dialog_Close.uasset" 322
"../../../Engine/Content/VREditor/TransformGizmo/SM_Dialog_Move.uasset" 323
"../../../Engine/Content/VREditor/TransformGizmo/SM_Sequencer_Key.uasset" 324
"../../../Engine/Content/VREditor/TransformGizmo/StartRotationHandleIndicator.uasset" 325
"../../../Engine/Content/VREditor/TransformGizmo/TransformGizmoMaterial_Inst.uasset" 326
"../../../Engine/Content/VREditor/TransformGizmo/TranslateArrowHandle.uasset" 327
"../../../Engine/Content/VREditor/TransformGizmo/TranslationHandle.uasset" 328
"../../../Engine/Content/VREditor/TransformGizmo/TranslucentTransformGizmoMaterial_Inst.uasset" 329
"../../../Engine/Content/VREditor/TransformGizmo/UniformScaleHandle.uasset" 330
"../../../Engine/Content/VREditor/UI/DiscMaterial.uasset" 331
"../../../Engine/Content/VREditor/UI/SM_Radial_Disk.uasset" 332
"../../../Engine/Content/Functions/Engine_MaterialFunctions01/Gradient/RadialGradient.uasset" 333
"../../../Engine/Content/VREditor/WorldMovementGrid/SimpleGrid.uasset" 334
"../../../Engine/Content/VREditor/WorldMovementGrid/GridMaterial.uasset" 335
"../../../Engine/Content/Functions/Engine_MaterialFunctions01/Density/ExponentialDensity.uasset" 336
"../../../Engine/Content/VREditor/WorldMovementGrid/GridPostProcess.uasset" 337
"../../../Engine/Content/EditorLandscapeResources/FlattenHeightMat.uasset" 338
"../../../Engine/Content/VREditor/WorldMovementGrid/PlaneMesh.uasset" 339
"../../../Engine/Plugins/2D/Paper2D/Content/DummySprite.uasset" 340
"../../../Engine/Plugins/2D/Paper2D/Content/DefaultPaperTerrainMaterial.uasset" 341
"../../../Engine/Plugins/2D/Paper2D/Content/DefaultSpriteMaterial.uasset" 342
"../../../Engine/Plugins/2D/Paper2D/Content/MaskedUnlitSpriteMaterial.uasset" 343
"../../../Engine/Plugins/2D/Paper2D/Content/OpaqueUnlitSpriteMaterial.uasset" 344
"../../../Engine/Plugins/2D/Paper2D/Content/PlaceholderTextures/DummySpriteTexture.uasset" 345
"../../../Engine/Plugins/Runtime/GearVR/Content/Textures/GearVRController_AO.uasset" 346
"../../../Engine/Plugins/Runtime/GearVR/Content/Textures/GearVRController_Color.uasset" 347
"../../../Engine/Plugins/Runtime/GearVR/Content/Textures/GearVRController_Normal.uasset" 348
"../../../Engine/Plugins/Runtime/GearVR/Content/Materials/GearVRControllerMaterial.uasset" 349
"../../../Engine/Plugins/Runtime/GearVR/Content/Meshes/GearVrController.uasset" 350
"../../../PlasmaTest/Content/FirstPerson/Character/Mesh/SK_Mannequin_Arms_Skeleton.uasset" 351
"../../../PlasmaTest/Content/FirstPerson/Animations/FirstPerson_Idle.uasset" 352
"../../../PlasmaTest/Content/FirstPerson/Animations/FirstPerson_JumpEnd.uasset" 353
"../../../PlasmaTest/Content/FirstPerson/Animations/FirstPerson_JumpLoop.uasset" 354
"../../../PlasmaTest/Content/FirstPerson/Animations/FirstPerson_JumpStart.uasset" 355
"../../../PlasmaTest/Content/FirstPerson/Animations/FirstPerson_Run.uasset" 356
"../../../PlasmaTest/Content/FirstPerson/Animations/FirstPerson_AnimBP.uasset" 357
"../../../PlasmaTest/Content/FirstPerson/Animations/FirstPerson_Fire.uasset" 358
"../../../PlasmaTest/Content/FirstPerson/Animations/FirstPersonFire_Montage.uasset" 359
"../../../PlasmaTest/Content/PLASMA/FBXs/Weapons/Shotgun_Anm_Test_Anim.uasset" 360
"../../../PlasmaTest/Content/PLASMA/FBXs/Weapons/Shotgun_Fire_Montage.uasset" 361
"../../../PlasmaTest/Content/PLASMA/Materials/ProjectilePlasma_M.uasset" 362
"../../../Engine/Content/Functions/Engine_MaterialFunctions01/Gradient/RadialGradientExponential.uasset" 363
"../../../PlasmaTest/Content/PLASMA/Particle_Systems/Sprite_01_M.uasset" 364
"../../../PlasmaTest/Content/PLASMA/Particle_Systems/P_PlasmaProjectile.uasset" 365
"../../../PlasmaTest/Content/PLASMA/Sound/threatened_growl.uasset" 366
"../../../PlasmaTest/Content/FirstPersonBP/Blueprints/FirstPersonProjectile.uasset" 367
"../../../PlasmaTest/Content/FirstPerson/Audio/FirstPersonTemplateWeaponFire02.uasset" 368
"../../../PlasmaTest/Content/HUD.uasset" 369
"../../../PlasmaTest/Content/FirstPersonBP/Blueprints/FirstPersonCharacter.uasset" 370
"../../../PlasmaTest/Content/FirstPerson/Textures/FirstPersonCrosshair.uasset" 371
"../../../PlasmaTest/Content/FirstPersonBP/Blueprints/FirstPersonHUD.uasset" 372
"../../../PlasmaTest/Content/FirstPersonBP/Blueprints/FirstPersonGameMode.uasset" 373
"../../../PlasmaTest/Content/Plasma.uasset" 374
"../../../PlasmaTest/Content/MainMenu.uasset" 375
"../../../PlasmaTest/Content/Main.umap" 376
"../../../Engine/Content/EngineSky/C_Sky_Cloud_Color.uasset" 377
"../../../Engine/Content/EngineSky/C_Sky_Horizon_Color.uasset" 378
"../../../Engine/Content/EngineSky/C_Sky_Zenith_Color.uasset" 379
"../../../Engine/Content/EngineSky/T_Sky_Blue.uasset" 380
"../../../Engine/Content/EngineSky/T_Sky_Clouds_M.uasset" 381
"../../../Engine/Content/EngineSky/T_Sky_Stars.uasset" 382
"../../../Engine/Content/EngineSky/M_Sky_Panning_Clouds2.uasset" 383
"../../../Engine/Content/EngineSky/SM_SkySphere.uasset" 384
"../../../Engine/Content/EngineSky/BP_Sky_Sphere.uasset" 385
"../../../PlasmaTest/Content/FirstPersonBP/Maps/FirstPersonExampleMap.umap" 386
"../../../PlasmaTest/Content/PLASMA/Blueprints/JambarPatrol_BP.uasset" 387
"../../../PlasmaTest/Content/PLASMA/Blueprints/LaunchPoint.uasset" 388
"../../../PlasmaTest/Content/JumpBox_BP.uasset" 389
"../../../PlasmaTest/Content/PLASMA/Textures/Tree_Texture_01.uasset" 390
"../../../PlasmaTest/Content/PLASMA/Materials/Trees_M.uasset" 391
"../../../PlasmaTest/Content/PLASMA/FBXs/Vine_Segment_Spikes.uasset" 392
"../../../PlasmaTest/Content/PLASMA/Blueprints/BP_SplineVine.uasset" 393
"../../../PlasmaTest/Content/PLASMA/Materials/SingleColor/Obleisk_01_SC_M.uasset" 394
"../../../PlasmaTest/Content/PLASMA/FBXs/Obelisk_Part_02.uasset" 395
"../../../PlasmaTest/Content/PLASMA/FBXs/Rotating_Obelisk_01.uasset" 396
"../../../PlasmaTest/Content/PLASMA/Maps/Plasma_Stylized_BuiltData.uasset" 397
"../../../Engine/Content/BasicShapes/BasicShapeMaterial.uasset" 398
"../../../PlasmaTest/Content/PLASMA/Textures/Fingerplant_Texture_C.uasset" 399
"../../../PlasmaTest/Content/PLASMA/Textures/Fingerplant_Texture_E.uasset" 400
"../../../PlasmaTest/Content/PLASMA/Materials/MASTER_TrasluscentObjects_M.uasset" 401
"../../../Engine/Content/Functions/Engine_MaterialFunctions01/Texturing/WorldAlignedTexture.uasset" 402
"../../../PlasmaTest/Content/PLASMA/Textures/Ungoro_Rock_basecolor.uasset" 403
"../../../PlasmaTest/Content/PLASMA/Materials/MASTER_Worldspace_M.uasset" 404
"../../../PlasmaTest/Content/PLASMA/Materials/M_Rocks_Big_Tileable.uasset" 405
"../../../PlasmaTest/Content/PLASMA/Materials/M_RocksTileable.uasset" 406
"../../../PlasmaTest/Content/PLASMA/Textures/ObeliskMAT_basecolor.uasset" 407
"../../../PlasmaTest/Content/PLASMA/Textures/ObeliskMAT_Emissive.uasset" 408
"../../../PlasmaTest/Content/PLASMA/Materials/MASTER_Obelisk_M.uasset" 409
"../../../PlasmaTest/Content/PLASMA/Materials/Obelisk_Big_M.uasset" 410
"../../../PlasmaTest/Content/PLASMA/Materials/Obelisk_Small_M.uasset" 411
"../../../PlasmaTest/Content/PLASMA/Materials/SingleColor/Mountains_01_SC_M.uasset" 412
"../../../PlasmaTest/Content/PLASMA/Materials/SingleColor/Mountains_02_SC_M.uasset" 413
"../../../PlasmaTest/Content/PLASMA/Materials/SingleColor/Obleisk_02_SC_M.uasset" 414
"../../../PlasmaTest/Content/PLASMA/Materials/SingleColor/Rocks_01_SC_M.uasset" 415
"../../../PlasmaTest/Content/PLASMA/Materials/SingleColor/Rocks_02_SC_M.uasset" 416
"../../../PlasmaTest/Content/PLASMA/Materials/Terrain_Far_1_M.uasset" 417
"../../../PlasmaTest/Content/PLASMA/Materials/Terrain_M.uasset" 418
"../../../PlasmaTest/Content/PLASMA/Materials/TreeBranches_Far_1_M.uasset" 419
"../../../PlasmaTest/Content/PLASMA/Materials/TreeBranches_Far_2_M.uasset" 420
"../../../Engine/Content/BasicShapes/Cube.uasset" 421
"../../../Engine/Content/BasicShapes/Plane.uasset" 422
"../../../Engine/Content/MapTemplates/Sky/SunsetAmbientCubemap.uasset" 423
"../../../PlasmaTest/Content/PLASMA/Materials/TreeBranches_WindOn_M.uasset" 424
"../../../PlasmaTest/Content/PLASMA/FBXs/Foliage/Branches_Tres_01.uasset" 425
"../../../PlasmaTest/Content/PLASMA/Materials/Foliage_01_M.uasset" 426
"../../../PlasmaTest/Content/PLASMA/FBXs/Foliage/Foliage_Plant_01.uasset" 427
"../../../PlasmaTest/Content/PLASMA/Materials/Foliage_WindOn_M.uasset" 428
"../../../PlasmaTest/Content/PLASMA/FBXs/Foliage/Foliage_Plant_01_NoBalls.uasset" 429
"../../../PlasmaTest/Content/PLASMA/FBXs/Foliage/Foliage_Plant_02.uasset" 430
"../../../PlasmaTest/Content/PLASMA/FBXs/Foliage/Grass_Diagonal_Round.uasset" 431
"../../../PlasmaTest/Content/PLASMA/FBXs/Foliage/Grass_Horizontal.uasset" 432
"../../../PlasmaTest/Content/PLASMA/Materials/Foliage_Grass_M.uasset" 433
"../../../PlasmaTest/Content/PLASMA/FBXs/Foliage/Grass_Vertical.uasset" 434
"../../../PlasmaTest/Content/PLASMA/Materials/Trees_Far_M.uasset" 435
"../../../PlasmaTest/Content/PLASMA/FBXs/Foliage/Tree_Background_01.uasset" 436
"../../../PlasmaTest/Content/PLASMA/Materials/Trees_Far_2_M.uasset" 437
"../../../PlasmaTest/Content/PLASMA/FBXs/Foliage/Tree_Background_02.uasset" 438
"../../../PlasmaTest/Content/PLASMA/Materials/Trees_Far_3_M.uasset" 439
"../../../PlasmaTest/Content/PLASMA/FBXs/Foliage/Tree_Background_03.uasset" 440
"../../../PlasmaTest/Content/PLASMA/FBXs/Gradient_Tree_01.uasset" 441
"../../../PlasmaTest/Content/PLASMA/Textures/Biterplant_Diffuse.uasset" 442
"../../../PlasmaTest/Content/PLASMA/Materials/BiterPlant_M.uasset" 443
"../../../PlasmaTest/Content/PLASMA/FBXs/HeroPlants/BiterPlant_Rig_PhysicsAsset.uasset" 444
"../../../PlasmaTest/Content/PLASMA/FBXs/HeroPlants/BiterPlant_Rig_Skeleton.uasset" 445
"../../../PlasmaTest/Content/PLASMA/FBXs/HeroPlants/BiterPlant_Rig.uasset" 446
"../../../PlasmaTest/Content/PLASMA/Materials/FingerPlants_Trans_M.uasset" 447
"../../../PlasmaTest/Content/PLASMA/FBXs/HeroPlants/FingerPlant_RIG_PhysicsAsset.uasset" 448
"../../../PlasmaTest/Content/PLASMA/FBXs/HeroPlants/FingerPlant_RIG_Skeleton.uasset" 449
"../../../PlasmaTest/Content/PLASMA/FBXs/HeroPlants/FingerPlant_RIG.uasset" 450
"../../../PlasmaTest/Content/PLASMA/Materials/VineBiter_M.uasset" 451
"../../../PlasmaTest/Content/PLASMA/FBXs/HeroPlants/Vine_Biter_RIG_PhysicsAsset.uasset" 452
"../../../PlasmaTest/Content/PLASMA/FBXs/HeroPlants/Vine_Biter_RIG_Skeleton.uasset" 453
"../../../PlasmaTest/Content/PLASMA/FBXs/HeroPlants/Vine_Biter_RIG.uasset" 454
"../../../PlasmaTest/Content/PLASMA/FBXs/MergedActors/FarTrees_01.uasset" 455
"../../../PlasmaTest/Content/PLASMA/FBXs/MergedActors/MiddleTrees.uasset" 456
"../../../PlasmaTest/Content/PLASMA/FBXs/MergedActors/Vines_RockCliff_01.uasset" 457
"../../../PlasmaTest/Content/PLASMA/FBXs/MergedActors/Vines_RockCliff_02.uasset" 458
"../../../PlasmaTest/Content/PLASMA/FBXs/MergedActors/Vines_RockCliff_03.uasset" 459
"../../../PlasmaTest/Content/PLASMA/FBXs/MergedActors/Vines_RockCliff_04.uasset" 460
"../../../PlasmaTest/Content/PLASMA/FBXs/MergedActors/Vines_Trees_01.uasset" 461
"../../../PlasmaTest/Content/PLASMA/FBXs/MergedActors/Vines_Trees_02.uasset" 462
"../../../PlasmaTest/Content/PLASMA/FBXs/MergedActors/Vines_Trees_03.uasset" 463
"../../../PlasmaTest/Content/PLASMA/FBXs/MergedActors/Vines_Trees_04.uasset" 464
"../../../PlasmaTest/Content/PLASMA/FBXs/MergedActors/Vines_Trees_05.uasset" 465
"../../../PlasmaTest/Content/PLASMA/FBXs/Obelisk_Close.uasset" 466
"../../../PlasmaTest/Content/PLASMA/FBXs/lambert9.uasset" 467
"../../../PlasmaTest/Content/PLASMA/FBXs/Obelisk_CloseBIG.uasset" 468
"../../../PlasmaTest/Content/PLASMA/FBXs/Obelisk_Part_01.uasset" 469
"../../../PlasmaTest/Content/PLASMA/FBXs/Pod_V01.uasset" 470
"../../../PlasmaTest/Content/PLASMA/FBXs/RockBig_IG.uasset" 471
"../../../PlasmaTest/Content/PLASMA/FBXs/RockCave_IG.uasset" 472
"../../../PlasmaTest/Content/PLASMA/FBXs/skybox_test.uasset" 473
"../../../PlasmaTest/Content/PLASMA/FBXs/Terrain_V03_Part_01.uasset" 474
"../../../PlasmaTest/Content/PLASMA/FBXs/Terrain_V03_Part_02.uasset" 475
"../../../PlasmaTest/Content/PLASMA/FBXs/Terrain_V03_Part_03.uasset" 476
"../../../PlasmaTest/Content/PLASMA/FBXs/Terrain_V03_Part_04.uasset" 477
"../../../PlasmaTest/Content/PLASMA/FBXs/Tree_Part_01.uasset" 478
"../../../PlasmaTest/Content/PLASMA/FBXs/Tree_Part_02.uasset" 479
"../../../PlasmaTest/Content/PLASMA/Particle_Systems/P_DropsOfWater.uasset" 480
"../../../PlasmaTest/Content/PLASMA/Particle_Systems/P_Fireflies.uasset" 481
"../../../PlasmaTest/Content/PLASMA/Sound/flyover_noise.uasset" 482
"../../../PlasmaTest/Content/PLASMA/Sound/PLASMA_DEMO9.uasset" 483
"../../../PlasmaTest/Content/PLASMA/Maps/Plasma_Stylized.umap" 484
"../../../PlasmaTest/Content/PLASMA/Materials/SingleColor/Obleisk_03_SC_M.uasset" 485
"../../../PlasmaTest/Content/PLASMA/Maps/Plasma_Stylized_BU.umap" 486
"../../../PlasmaTest/Content/PLASMA/Materials/ObeliskClose_M.uasset" 487
"../../../PlasmaTest/Content/PLASMA/FBXs/HeroPlants/FingerPlant_01.uasset" 488
"../../../PlasmaTest/Content/PLASMA/Maps/Plasma_Stylized_BU_2.umap" 489
"../../../Engine/Content/Maps/Entry.umap" 490
